<?xml version="1.0" encoding="UTF-8"?>
<!-- Generated by org.testng.reporters.JUnitXMLReporter -->
<testsuite ignored="3" hostname="DESKTOP-3QKDSQ4" failures="0" tests="1" name="Default test(failed)(failed)(failed)" time="0.078" errors="0" timestamp="2022-06-30T17:01:45 IST">
  <testcase classname="failedXMLFile.FailedFileRerun" name="tc4" time="0.015"/>
  <testcase classname="failedXMLFile.FailedFileRerun" name="tc3" time="0.0">
    <ignored/>
  </testcase> <!-- tc3 -->
  <testcase classname="failedXMLFile.FailedFileRerun" name="tc2" time="0.0">
    <ignored/>
  </testcase> <!-- tc2 -->
  <testcase classname="failedXMLFile.FailedFileRerun" name="tc1" time="0.0">
    <ignored/>
  </testcase> <!-- tc1 -->
</testsuite> <!-- Default test(failed)(failed)(failed) -->
