<?xml version="1.0" encoding="UTF-8"?>
<!-- Generated by org.testng.reporters.JUnitXMLReporter -->
<testsuite ignored="2" hostname="DESKTOP-3QKDSQ4" failures="2" tests="2" name="Default test(failed)" time="0.106" errors="0" timestamp="2022-06-30T16:46:13 IST">
  <testcase classname="failedXMLFile.FailedFileRerun" name="tc3" time="0.025">
    <failure type="java.lang.AssertionError">
      <![CDATA[java.lang.AssertionError
at org.junit.Assert.fail(Assert.java:86)
at org.junit.Assert.fail(Assert.java:95)
at failedXMLFile.FailedFileRerun.tc3(FailedFileRerun.java:23)
at java.base/java.util.ArrayList.forEach(ArrayList.java:1511)
... Removed 27 stack frames]]>
    </failure>
  </testcase> <!-- tc3 -->
  <testcase classname="failedXMLFile.FailedFileRerun" name="tc4" time="0.002">
    <failure type="java.lang.AssertionError">
      <![CDATA[java.lang.AssertionError
at org.junit.Assert.fail(Assert.java:86)
at org.junit.Assert.fail(Assert.java:95)
at failedXMLFile.FailedFileRerun.tc4(FailedFileRerun.java:30)
at java.base/java.util.ArrayList.forEach(ArrayList.java:1511)
... Removed 27 stack frames]]>
    </failure>
  </testcase> <!-- tc4 -->
  <testcase classname="failedXMLFile.FailedFileRerun" name="tc2" time="0.0">
    <ignored/>
  </testcase> <!-- tc2 -->
  <testcase classname="failedXMLFile.FailedFileRerun" name="tc1" time="0.0">
    <ignored/>
  </testcase> <!-- tc1 -->
</testsuite> <!-- Default test(failed) -->
