<?xml version="1.0" encoding="UTF-8"?>
<testng-results ignored="0" total="2" passed="2" failed="0" skipped="0">
  <reporter-output>
  </reporter-output>
  <suite started-at="2022-07-03T01:28:45 IST" name="Multipl" finished-at="2022-07-03T01:29:08 IST" duration-ms="23038">
    <groups>
    </groups>
    <test started-at="2022-07-03T01:28:45 IST" name="Chrome_Test" finished-at="2022-07-03T01:28:55 IST" duration-ms="9126">
      <class name="multipleBrowsing.MultipleBrowsing1">
        <test-method signature="TC1(java.lang.String)[pri:0, instance:multipleBrowsing.MultipleBrowsing1@2cd2a21f]" started-at="2022-07-03T01:28:46 IST" name="TC1" finished-at="2022-07-03T01:28:55 IST" duration-ms="9036" status="PASS">
          <params>
            <param index="0">
              <value>
                <![CDATA[Chrome]]>
              </value>
            </param>
          </params>
          <reporter-output>
          </reporter-output>
        </test-method> <!-- TC1 -->
      </class> <!-- multipleBrowsing.MultipleBrowsing1 -->
    </test> <!-- Chrome_Test -->
    <test started-at="2022-07-03T01:28:55 IST" name="firefox_Test" finished-at="2022-07-03T01:29:08 IST" duration-ms="13791">
      <class name="multipleBrowsing.MultipleBrowsing1">
        <test-method signature="TC1(java.lang.String)[pri:0, instance:multipleBrowsing.MultipleBrowsing1@fa49800]" started-at="2022-07-03T01:28:55 IST" name="TC1" finished-at="2022-07-03T01:29:08 IST" duration-ms="13784" status="PASS">
          <params>
            <param index="0">
              <value>
                <![CDATA[firefox]]>
              </value>
            </param>
          </params>
          <reporter-output>
          </reporter-output>
        </test-method> <!-- TC1 -->
      </class> <!-- multipleBrowsing.MultipleBrowsing1 -->
    </test> <!-- firefox_Test -->
  </suite> <!-- Multipl -->
</testng-results>
