<?xml version="1.0" encoding="UTF-8"?>
<!-- Generated by org.testng.reporters.JUnitXMLReporter -->
<testsuite ignored="0" hostname="DESKTOP-3QKDSQ4" failures="0" tests="5" name="Test" time="0.127" errors="0" timestamp="2022-06-04T08:59:41 IST">
  <testcase classname="TestNg.TestNGdemo2" name="b" time="0.015"/>
  <testcase classname="TestNg.TestNGdemo1" name="a" time="0.004"/>
  <testcase classname="TestNg.demo" name="f" time="0.002"/>
  <testcase classname="TestNg.TestNFGdemo3" name="c" time="0.002"/>
  <testcase classname="TestNg.demo1" name="method" time="0.003"/>
</testsuite> <!-- Test -->
