<?xml version="1.0" encoding="UTF-8"?>
<!-- Generated by org.testng.reporters.JUnitXMLReporter -->
<testsuite ignored="6" hostname="DESKTOP-3QKDSQ4" failures="0" tests="2" name="Test" time="0.137" errors="0" timestamp="2022-07-01T15:00:49 IST">
  <testcase classname="groupingofTestCase.Ex1" name="tc2" time="0.017"/>
  <testcase classname="groupingofTestCase.Ex1" name="tc3" time="0.003"/>
  <testcase classname="groupingofTestCase.Ex2" name="tc5" time="0.0">
    <ignored/>
  </testcase> <!-- tc5 -->
  <testcase classname="groupingofTestCase.Ex1" name="tc4" time="0.0">
    <ignored/>
  </testcase> <!-- tc4 -->
  <testcase classname="groupingofTestCase.Ex2" name="tc6" time="0.0">
    <ignored/>
  </testcase> <!-- tc6 -->
  <testcase classname="groupingofTestCase.Ex1" name="tc1" time="0.0">
    <ignored/>
  </testcase> <!-- tc1 -->
  <testcase classname="groupingofTestCase.Ex2" name="tc8" time="0.0">
    <ignored/>
  </testcase> <!-- tc8 -->
  <testcase classname="groupingofTestCase.Ex2" name="tc7" time="0.0">
    <ignored/>
  </testcase> <!-- tc7 -->
</testsuite> <!-- Test -->
